<?xml version="1.0" encoding="UTF-8"?>
<testng-results ignored="0" total="1" passed="1" failed="0" skipped="0">
  <reporter-output>
  </reporter-output>
  <suite started-at="2022-09-16T08:11:00 WIB" name="Default suite" finished-at="2022-09-16T08:11:02 WIB" duration-ms="2469">
    <groups>
    </groups>
    <test started-at="2022-09-16T08:11:00 WIB" name="Default test" finished-at="2022-09-16T08:11:02 WIB" duration-ms="2469">
      <class name="API.test5">
        <test-method signature="test()[pri:0, instance:API.test5@4a883b15]" started-at="2022-09-16T08:11:00 WIB" name="test" finished-at="2022-09-16T08:11:02 WIB" duration-ms="2428" status="PASS">
          <reporter-output>
          </reporter-output>
        </test-method> <!-- test -->
      </class> <!-- API.test5 -->
    </test> <!-- Default test -->
  </suite> <!-- Default suite -->
</testng-results>
